<?xml version="1.0" encoding="UTF-8"?>
<coverage generated="1534832444190" clover="3.2.0">
  <project timestamp="1534832444191" name="All files">
    <metrics statements="11" coveredstatements="8" conditionals="3" coveredconditionals="2" methods="4" coveredmethods="3" elements="18" coveredelements="13" complexity="0" loc="11" ncloc="11" packages="1" files="1" classes="1">
      <file name="bankAccount.js" path="/Users/caroline.s/wdi/WDI_16_HOMEWORK/Caroline/wk10/2-tue/bank_app/bankAccount.js">
        <metrics statements="11" coveredstatements="8" conditionals="3" coveredconditionals="2" methods="4" coveredmethods="3"/>
        <line num="4" count="2" type="stmt"/>
        <line num="5" count="2" type="stmt"/>
        <line num="6" count="2" type="stmt"/>
        <line num="10" count="1" type="cond" truecount="1" falsecount="1"/>
        <line num="11" count="0" type="stmt"/>
        <line num="12" count="0" type="stmt"/>
        <line num="14" count="1" type="stmt"/>
        <line num="19" count="1" type="stmt"/>
        <line num="20" count="1" type="stmt"/>
        <line num="24" count="0" type="stmt"/>
        <line num="28" count="1" type="stmt"/>
      </file>
    </metrics>
  </project>
</coverage>
